<?xml version="1.0" encoding="UTF-8"?>
<!-- Generated by org.testng.reporters.JUnitReportReporter -->
<testsuite skipped="0" hostname="DESKTOP-ADV551E" name="com.qa.test.RestClientTest" tests="1" failures="0" timestamp="15 Dec 2018 14:20:37 GMT" time="2.026" errors="0">
  <testcase name="getAPITest" time="2.026" classname="com.qa.test.RestClientTest"/>
</testsuite> <!-- com.qa.test.RestClientTest -->
